<?xml version="1.0" encoding="UTF-8"?>
<testng-results skipped="0" failed="0" ignored="0" total="1" passed="1">
  <reporter-output>
  </reporter-output>
  <suite name="Default suite" duration-ms="11275" started-at="2021-11-08T14:32:35 IST" finished-at="2021-11-08T14:32:46 IST">
    <groups>
    </groups>
    <test name="Default test" duration-ms="11275" started-at="2021-11-08T14:32:35 IST" finished-at="2021-11-08T14:32:46 IST">
      <class name="locators.TestClassEx">
        <test-method status="PASS" signature="test()[pri:0, instance:locators.TestClassEx@e720b71]" name="test" duration-ms="11224" started-at="2021-11-08T14:32:35 IST" finished-at="2021-11-08T14:32:46 IST">
          <reporter-output>
          </reporter-output>
        </test-method> <!-- test -->
      </class> <!-- locators.TestClassEx -->
    </test> <!-- Default test -->
  </suite> <!-- Default suite -->
</testng-results>
